<?xml version="1.0" encoding="UTF-8"?>
<testng-results skipped="0" failed="0" ignored="0" total="1" passed="1">
  <reporter-output>
  </reporter-output>
  <suite name="Default suite" duration-ms="90" started-at="2022-09-14T15:40:21 IST" finished-at="2022-09-14T15:40:21 IST">
    <groups>
    </groups>
    <test name="Default test" duration-ms="90" started-at="2022-09-14T15:40:21 IST" finished-at="2022-09-14T15:40:21 IST">
      <class name="com.javacodegeeks.testng.maven.TestNgMavenExample">
        <test-method status="PASS" signature="exampleOfTestNgMaven()[pri:0, instance:com.javacodegeeks.testng.maven.TestNgMavenExample@7f13d6e]" name="exampleOfTestNgMaven" duration-ms="27" started-at="2022-09-14T15:40:21 IST" finished-at="2022-09-14T15:40:21 IST">
          <reporter-output>
          </reporter-output>
        </test-method> <!-- exampleOfTestNgMaven -->
      </class> <!-- com.javacodegeeks.testng.maven.TestNgMavenExample -->
    </test> <!-- Default test -->
  </suite> <!-- Default suite -->
</testng-results>
